timestamp: 2015-02-14T13:47:38.186000
CREATE TABLE auth_user(
    id INTEGER PRIMARY KEY AUTOINCREMENT,
    first_name CHAR(128),
    last_name CHAR(128),
    email CHAR(512),
    password CHAR(512),
    registration_key CHAR(512),
    reset_password_key CHAR(512),
    registration_id CHAR(512)
);
success!
timestamp: 2015-02-14T13:47:38.367000
CREATE TABLE auth_group(
    id INTEGER PRIMARY KEY AUTOINCREMENT,
    role CHAR(512),
    description TEXT
);
success!
timestamp: 2015-02-14T13:47:38.555000
CREATE TABLE auth_membership(
    id INTEGER PRIMARY KEY AUTOINCREMENT,
    user_id INTEGER REFERENCES auth_user (id) ON DELETE CASCADE,
    group_id INTEGER REFERENCES auth_group (id) ON DELETE CASCADE
);
success!
timestamp: 2015-02-14T13:47:38.747000
CREATE TABLE auth_permission(
    id INTEGER PRIMARY KEY AUTOINCREMENT,
    group_id INTEGER REFERENCES auth_group (id) ON DELETE CASCADE,
    name CHAR(512),
    table_name CHAR(512),
    record_id INTEGER
);
success!
timestamp: 2015-02-14T13:47:38.832000
CREATE TABLE auth_event(
    id INTEGER PRIMARY KEY AUTOINCREMENT,
    time_stamp TIMESTAMP,
    client_ip CHAR(512),
    user_id INTEGER REFERENCES auth_user (id) ON DELETE CASCADE,
    origin CHAR(512),
    description TEXT
);
success!
timestamp: 2015-02-14T13:47:38.900000
CREATE TABLE auth_cas(
    id INTEGER PRIMARY KEY AUTOINCREMENT,
    user_id INTEGER REFERENCES auth_user (id) ON DELETE CASCADE,
    created_on TIMESTAMP,
    service CHAR(512),
    ticket CHAR(512),
    renew CHAR(1)
);
success!
timestamp: 2015-02-14T13:47:38.992000
CREATE TABLE t_sede(
    id INTEGER PRIMARY KEY AUTOINCREMENT,
    f_nombre CHAR(512) NOT NULL,
    is_active CHAR(1),
    created_on TIMESTAMP,
    created_by INTEGER REFERENCES auth_user (id) ON DELETE CASCADE,
    modified_on TIMESTAMP,
    modified_by INTEGER REFERENCES auth_user (id) ON DELETE CASCADE
);
success!
timestamp: 2015-02-14T13:47:39.089000
CREATE TABLE t_sede_archive(
    id INTEGER PRIMARY KEY AUTOINCREMENT,
    f_nombre CHAR(512) NOT NULL,
    is_active CHAR(1),
    created_on TIMESTAMP,
    created_by INTEGER REFERENCES auth_user (id) ON DELETE CASCADE,
    modified_on TIMESTAMP,
    modified_by INTEGER REFERENCES auth_user (id) ON DELETE CASCADE,
    current_record INTEGER REFERENCES t_sede (id) ON DELETE CASCADE
);
success!
timestamp: 2015-02-14T13:47:39.165000
CREATE TABLE t_sexo(
    id INTEGER PRIMARY KEY AUTOINCREMENT,
    f_tipo CHAR(512) NOT NULL,
    is_active CHAR(1),
    created_on TIMESTAMP,
    created_by INTEGER REFERENCES auth_user (id) ON DELETE CASCADE,
    modified_on TIMESTAMP,
    modified_by INTEGER REFERENCES auth_user (id) ON DELETE CASCADE
);
success!
timestamp: 2015-02-14T13:47:39.234000
CREATE TABLE t_sexo_archive(
    id INTEGER PRIMARY KEY AUTOINCREMENT,
    f_tipo CHAR(512) NOT NULL,
    is_active CHAR(1),
    created_on TIMESTAMP,
    created_by INTEGER REFERENCES auth_user (id) ON DELETE CASCADE,
    modified_on TIMESTAMP,
    modified_by INTEGER REFERENCES auth_user (id) ON DELETE CASCADE,
    current_record INTEGER REFERENCES t_sexo (id) ON DELETE CASCADE
);
success!
timestamp: 2015-02-14T13:47:39.324000
CREATE TABLE t_tutor(
    id INTEGER PRIMARY KEY AUTOINCREMENT,
    f_usbid CHAR(512) NOT NULL,
    f_cedula CHAR(512) NOT NULL,
    f_nombre CHAR(512) NOT NULL,
    f_apellido CHAR(512) NOT NULL,
    f_sede INTEGER REFERENCES t_sede (id) ON DELETE CASCADE,
    f_email CHAR(512) NOT NULL,
    f_sexo INTEGER REFERENCES t_sexo (id) ON DELETE CASCADE,
    f_telefono CHAR(512) NOT NULL,
    f_direccion TEXT NOT NULL,
    is_active CHAR(1),
    created_on TIMESTAMP,
    created_by INTEGER REFERENCES auth_user (id) ON DELETE CASCADE,
    modified_on TIMESTAMP,
    modified_by INTEGER REFERENCES auth_user (id) ON DELETE CASCADE
);
success!
timestamp: 2015-02-14T13:47:39.427000
CREATE TABLE t_tutor_archive(
    id INTEGER PRIMARY KEY AUTOINCREMENT,
    f_usbid CHAR(512) NOT NULL,
    f_cedula CHAR(512) NOT NULL,
    f_nombre CHAR(512) NOT NULL,
    f_apellido CHAR(512) NOT NULL,
    f_sede INTEGER REFERENCES t_sede (id) ON DELETE CASCADE,
    f_email CHAR(512) NOT NULL,
    f_sexo INTEGER REFERENCES t_sexo (id) ON DELETE CASCADE,
    f_telefono CHAR(512) NOT NULL,
    f_direccion TEXT NOT NULL,
    is_active CHAR(1),
    created_on TIMESTAMP,
    created_by INTEGER REFERENCES auth_user (id) ON DELETE CASCADE,
    modified_on TIMESTAMP,
    modified_by INTEGER REFERENCES auth_user (id) ON DELETE CASCADE,
    current_record INTEGER REFERENCES t_tutor (id) ON DELETE CASCADE
);
success!
timestamp: 2015-02-14T13:47:39.585000
CREATE TABLE t_tipoprop(
    id INTEGER PRIMARY KEY AUTOINCREMENT,
    f_tipo CHAR(512) NOT NULL,
    is_active CHAR(1),
    created_on TIMESTAMP,
    created_by INTEGER REFERENCES auth_user (id) ON DELETE CASCADE,
    modified_on TIMESTAMP,
    modified_by INTEGER REFERENCES auth_user (id) ON DELETE CASCADE
);
success!
timestamp: 2015-02-14T13:47:39.747000
CREATE TABLE t_tipoprop_archive(
    id INTEGER PRIMARY KEY AUTOINCREMENT,
    f_tipo CHAR(512) NOT NULL,
    is_active CHAR(1),
    created_on TIMESTAMP,
    created_by INTEGER REFERENCES auth_user (id) ON DELETE CASCADE,
    modified_on TIMESTAMP,
    modified_by INTEGER REFERENCES auth_user (id) ON DELETE CASCADE,
    current_record INTEGER REFERENCES t_tipoprop (id) ON DELETE CASCADE
);
success!
timestamp: 2015-02-14T13:47:39.837000
CREATE TABLE t_proyecto(
    id INTEGER PRIMARY KEY AUTOINCREMENT,
    f_codigo CHAR(512) NOT NULL,
    is_active CHAR(1),
    created_on TIMESTAMP,
    created_by INTEGER REFERENCES auth_user (id) ON DELETE CASCADE,
    modified_on TIMESTAMP,
    modified_by INTEGER REFERENCES auth_user (id) ON DELETE CASCADE
);
success!
timestamp: 2015-02-14T13:47:39.947000
CREATE TABLE t_proyecto_archive(
    id INTEGER PRIMARY KEY AUTOINCREMENT,
    f_codigo CHAR(512) NOT NULL,
    is_active CHAR(1),
    created_on TIMESTAMP,
    created_by INTEGER REFERENCES auth_user (id) ON DELETE CASCADE,
    modified_on TIMESTAMP,
    modified_by INTEGER REFERENCES auth_user (id) ON DELETE CASCADE,
    current_record INTEGER REFERENCES t_proyecto (id) ON DELETE CASCADE
);
success!
timestamp: 2015-02-14T13:47:40.059000
CREATE TABLE t_area(
    id INTEGER PRIMARY KEY AUTOINCREMENT,
    f_nombre CHAR(512) NOT NULL,
    is_active CHAR(1),
    created_on TIMESTAMP,
    created_by INTEGER REFERENCES auth_user (id) ON DELETE CASCADE,
    modified_on TIMESTAMP,
    modified_by INTEGER REFERENCES auth_user (id) ON DELETE CASCADE
);
success!
timestamp: 2015-02-14T13:47:40.314000
CREATE TABLE t_area_archive(
    id INTEGER PRIMARY KEY AUTOINCREMENT,
    f_nombre CHAR(512) NOT NULL,
    is_active CHAR(1),
    created_on TIMESTAMP,
    created_by INTEGER REFERENCES auth_user (id) ON DELETE CASCADE,
    modified_on TIMESTAMP,
    modified_by INTEGER REFERENCES auth_user (id) ON DELETE CASCADE,
    current_record INTEGER REFERENCES t_area (id) ON DELETE CASCADE
);
success!
timestamp: 2015-02-14T13:47:40.486000
CREATE TABLE t_estado(
    id INTEGER PRIMARY KEY AUTOINCREMENT,
    f_nombre CHAR(512) NOT NULL,
    is_active CHAR(1),
    created_on TIMESTAMP,
    created_by INTEGER REFERENCES auth_user (id) ON DELETE CASCADE,
    modified_on TIMESTAMP,
    modified_by INTEGER REFERENCES auth_user (id) ON DELETE CASCADE
);
success!
timestamp: 2015-02-14T13:47:40.592000
CREATE TABLE t_estado_archive(
    id INTEGER PRIMARY KEY AUTOINCREMENT,
    f_nombre CHAR(512) NOT NULL,
    is_active CHAR(1),
    created_on TIMESTAMP,
    created_by INTEGER REFERENCES auth_user (id) ON DELETE CASCADE,
    modified_on TIMESTAMP,
    modified_by INTEGER REFERENCES auth_user (id) ON DELETE CASCADE,
    current_record INTEGER REFERENCES t_estado (id) ON DELETE CASCADE
);
success!
timestamp: 2015-02-14T13:47:40.705000
CREATE TABLE t_condicion(
    id INTEGER PRIMARY KEY AUTOINCREMENT,
    f_tipo CHAR(512) NOT NULL,
    is_active CHAR(1),
    created_on TIMESTAMP,
    created_by INTEGER REFERENCES auth_user (id) ON DELETE CASCADE,
    modified_on TIMESTAMP,
    modified_by INTEGER REFERENCES auth_user (id) ON DELETE CASCADE
);
success!
timestamp: 2015-02-14T13:47:40.826000
CREATE TABLE t_condicion_archive(
    id INTEGER PRIMARY KEY AUTOINCREMENT,
    f_tipo CHAR(512) NOT NULL,
    is_active CHAR(1),
    created_on TIMESTAMP,
    created_by INTEGER REFERENCES auth_user (id) ON DELETE CASCADE,
    modified_on TIMESTAMP,
    modified_by INTEGER REFERENCES auth_user (id) ON DELETE CASCADE,
    current_record INTEGER REFERENCES t_condicion (id) ON DELETE CASCADE
);
success!
timestamp: 2015-02-14T13:47:40.936000
CREATE TABLE t_comunidad(
    id INTEGER PRIMARY KEY AUTOINCREMENT,
    f_nombre CHAR(512) NOT NULL,
    f_estado INTEGER REFERENCES t_estado (id) ON DELETE CASCADE,
    f_descripcion TEXT NOT NULL,
    f_cantidadbeneficiados INTEGER NOT NULL,
    is_active CHAR(1),
    created_on TIMESTAMP,
    created_by INTEGER REFERENCES auth_user (id) ON DELETE CASCADE,
    modified_on TIMESTAMP,
    modified_by INTEGER REFERENCES auth_user (id) ON DELETE CASCADE
);
success!
timestamp: 2015-02-14T13:47:41.064000
CREATE TABLE t_comunidad_archive(
    id INTEGER PRIMARY KEY AUTOINCREMENT,
    f_nombre CHAR(512) NOT NULL,
    f_estado INTEGER REFERENCES t_estado (id) ON DELETE CASCADE,
    f_descripcion TEXT NOT NULL,
    f_cantidadbeneficiados INTEGER NOT NULL,
    is_active CHAR(1),
    created_on TIMESTAMP,
    created_by INTEGER REFERENCES auth_user (id) ON DELETE CASCADE,
    modified_on TIMESTAMP,
    modified_by INTEGER REFERENCES auth_user (id) ON DELETE CASCADE,
    current_record INTEGER REFERENCES t_comunidad (id) ON DELETE CASCADE
);
success!
timestamp: 2015-02-14T13:47:41.231000
CREATE TABLE t_proponente(
    id INTEGER PRIMARY KEY AUTOINCREMENT,
    f_tipoprop INTEGER REFERENCES t_tipoprop (id) ON DELETE CASCADE,
    f_cedula CHAR(512) NOT NULL,
    f_nombre CHAR(512) NOT NULL,
    f_apellido CHAR(512) NOT NULL,
    f_email CHAR(512) NOT NULL,
    f_sexo INTEGER REFERENCES t_sexo (id) ON DELETE CASCADE,
    f_telefono CHAR(512) NOT NULL,
    is_active CHAR(1),
    created_on TIMESTAMP,
    created_by INTEGER REFERENCES auth_user (id) ON DELETE CASCADE,
    modified_on TIMESTAMP,
    modified_by INTEGER REFERENCES auth_user (id) ON DELETE CASCADE
);
success!
timestamp: 2015-02-14T13:47:41.331000
CREATE TABLE t_proponente_archive(
    id INTEGER PRIMARY KEY AUTOINCREMENT,
    f_tipoprop INTEGER REFERENCES t_tipoprop (id) ON DELETE CASCADE,
    f_cedula CHAR(512) NOT NULL,
    f_nombre CHAR(512) NOT NULL,
    f_apellido CHAR(512) NOT NULL,
    f_email CHAR(512) NOT NULL,
    f_sexo INTEGER REFERENCES t_sexo (id) ON DELETE CASCADE,
    f_telefono CHAR(512) NOT NULL,
    is_active CHAR(1),
    created_on TIMESTAMP,
    created_by INTEGER REFERENCES auth_user (id) ON DELETE CASCADE,
    modified_on TIMESTAMP,
    modified_by INTEGER REFERENCES auth_user (id) ON DELETE CASCADE,
    current_record INTEGER REFERENCES t_proponente (id) ON DELETE CASCADE
);
success!
timestamp: 2015-02-14T13:47:41.428000
CREATE TABLE t_caracterisicas(
    id INTEGER PRIMARY KEY AUTOINCREMENT,
    f_proyecto INTEGER REFERENCES t_proyecto (id) ON DELETE CASCADE,
    f_nombre CHAR(512) NOT NULL,
    f_descripcion TEXT NOT NULL,
    f_area INTEGER REFERENCES t_area (id) ON DELETE CASCADE,
    f_estado INTEGER REFERENCES t_estado (id) ON DELETE CASCADE,
    f_tutor INTEGER REFERENCES t_tutor (id) ON DELETE CASCADE,
    f_fechaini DATE NOT NULL,
    f_fechafin DATE NOT NULL,
    f_version CHAR(512) NOT NULL,
    f_comunidad INTEGER REFERENCES t_comunidad (id) ON DELETE CASCADE,
    f_proponente INTEGER REFERENCES t_proponente (id) ON DELETE CASCADE,
    is_active CHAR(1),
    created_on TIMESTAMP,
    created_by INTEGER REFERENCES auth_user (id) ON DELETE CASCADE,
    modified_on TIMESTAMP,
    modified_by INTEGER REFERENCES auth_user (id) ON DELETE CASCADE
);
success!
timestamp: 2015-02-14T13:47:41.528000
CREATE TABLE t_caracterisicas_archive(
    id INTEGER PRIMARY KEY AUTOINCREMENT,
    f_proyecto INTEGER REFERENCES t_proyecto (id) ON DELETE CASCADE,
    f_nombre CHAR(512) NOT NULL,
    f_descripcion TEXT NOT NULL,
    f_area INTEGER REFERENCES t_area (id) ON DELETE CASCADE,
    f_estado INTEGER REFERENCES t_estado (id) ON DELETE CASCADE,
    f_tutor INTEGER REFERENCES t_tutor (id) ON DELETE CASCADE,
    f_fechaini DATE NOT NULL,
    f_fechafin DATE NOT NULL,
    f_version CHAR(512) NOT NULL,
    f_comunidad INTEGER REFERENCES t_comunidad (id) ON DELETE CASCADE,
    f_proponente INTEGER REFERENCES t_proponente (id) ON DELETE CASCADE,
    is_active CHAR(1),
    created_on TIMESTAMP,
    created_by INTEGER REFERENCES auth_user (id) ON DELETE CASCADE,
    modified_on TIMESTAMP,
    modified_by INTEGER REFERENCES auth_user (id) ON DELETE CASCADE,
    current_record INTEGER REFERENCES t_caracterisicas (id) ON DELETE CASCADE
);
success!
timestamp: 2015-02-14T13:47:41.636000
CREATE TABLE t_carrera(
    id INTEGER PRIMARY KEY AUTOINCREMENT,
    f_codigo CHAR(512) NOT NULL,
    is_active CHAR(1),
    created_on TIMESTAMP,
    created_by INTEGER REFERENCES auth_user (id) ON DELETE CASCADE,
    modified_on TIMESTAMP,
    modified_by INTEGER REFERENCES auth_user (id) ON DELETE CASCADE
);
success!
timestamp: 2015-02-14T13:47:41.723000
CREATE TABLE t_carrera_archive(
    id INTEGER PRIMARY KEY AUTOINCREMENT,
    f_codigo CHAR(512) NOT NULL,
    is_active CHAR(1),
    created_on TIMESTAMP,
    created_by INTEGER REFERENCES auth_user (id) ON DELETE CASCADE,
    modified_on TIMESTAMP,
    modified_by INTEGER REFERENCES auth_user (id) ON DELETE CASCADE,
    current_record INTEGER REFERENCES t_carrera (id) ON DELETE CASCADE
);
success!
timestamp: 2015-02-14T13:47:41.816000
CREATE TABLE t_estudiante(
    id INTEGER PRIMARY KEY AUTOINCREMENT,
    f_usbid CHAR(512) NOT NULL,
    f_nombre CHAR(512) NOT NULL,
    f_apellido CHAR(512) NOT NULL,
    f_cedula CHAR(512) NOT NULL,
    f_carrera INTEGER REFERENCES t_carrera (id) ON DELETE CASCADE,
    f_sede INTEGER REFERENCES t_sede (id) ON DELETE CASCADE,
    f_email CHAR(512) NOT NULL,
    f_sexo INTEGER REFERENCES t_sexo (id) ON DELETE CASCADE,
    f_telefono CHAR(512) NOT NULL,
    f_direccion TEXT NOT NULL,
    is_active CHAR(1),
    created_on TIMESTAMP,
    created_by INTEGER REFERENCES auth_user (id) ON DELETE CASCADE,
    modified_on TIMESTAMP,
    modified_by INTEGER REFERENCES auth_user (id) ON DELETE CASCADE
);
success!
timestamp: 2015-02-14T13:47:41.927000
CREATE TABLE t_estudiante_archive(
    id INTEGER PRIMARY KEY AUTOINCREMENT,
    f_usbid CHAR(512) NOT NULL,
    f_nombre CHAR(512) NOT NULL,
    f_apellido CHAR(512) NOT NULL,
    f_cedula CHAR(512) NOT NULL,
    f_carrera INTEGER REFERENCES t_carrera (id) ON DELETE CASCADE,
    f_sede INTEGER REFERENCES t_sede (id) ON DELETE CASCADE,
    f_email CHAR(512) NOT NULL,
    f_sexo INTEGER REFERENCES t_sexo (id) ON DELETE CASCADE,
    f_telefono CHAR(512) NOT NULL,
    f_direccion TEXT NOT NULL,
    is_active CHAR(1),
    created_on TIMESTAMP,
    created_by INTEGER REFERENCES auth_user (id) ON DELETE CASCADE,
    modified_on TIMESTAMP,
    modified_by INTEGER REFERENCES auth_user (id) ON DELETE CASCADE,
    current_record INTEGER REFERENCES t_estudiante (id) ON DELETE CASCADE
);
success!
timestamp: 2015-02-14T13:47:42.014000
CREATE TABLE t_relacionestproy(
    id INTEGER PRIMARY KEY AUTOINCREMENT,
    f_tipo CHAR(512) NOT NULL,
    is_active CHAR(1),
    created_on TIMESTAMP,
    created_by INTEGER REFERENCES auth_user (id) ON DELETE CASCADE,
    modified_on TIMESTAMP,
    modified_by INTEGER REFERENCES auth_user (id) ON DELETE CASCADE
);
success!
timestamp: 2015-02-14T13:47:42.113000
CREATE TABLE t_relacionestproy_archive(
    id INTEGER PRIMARY KEY AUTOINCREMENT,
    f_tipo CHAR(512) NOT NULL,
    is_active CHAR(1),
    created_on TIMESTAMP,
    created_by INTEGER REFERENCES auth_user (id) ON DELETE CASCADE,
    modified_on TIMESTAMP,
    modified_by INTEGER REFERENCES auth_user (id) ON DELETE CASCADE,
    current_record INTEGER REFERENCES t_relacionestproy (id) ON DELETE CASCADE
);
success!
timestamp: 2015-02-14T13:47:42.216000
CREATE TABLE t_cursa(
    id INTEGER PRIMARY KEY AUTOINCREMENT,
    f_estudiante INTEGER REFERENCES t_estudiante (id) ON DELETE CASCADE,
    f_proyecto INTEGER REFERENCES t_proyecto (id) ON DELETE CASCADE,
    f_state INTEGER REFERENCES t_relacionestproy (id) ON DELETE CASCADE,
    is_active CHAR(1),
    created_on TIMESTAMP,
    created_by INTEGER REFERENCES auth_user (id) ON DELETE CASCADE,
    modified_on TIMESTAMP,
    modified_by INTEGER REFERENCES auth_user (id) ON DELETE CASCADE
);
success!
timestamp: 2015-02-14T13:47:42.385000
CREATE TABLE t_cursa_archive(
    id INTEGER PRIMARY KEY AUTOINCREMENT,
    f_estudiante INTEGER REFERENCES t_estudiante (id) ON DELETE CASCADE,
    f_proyecto INTEGER REFERENCES t_proyecto (id) ON DELETE CASCADE,
    f_state INTEGER REFERENCES t_relacionestproy (id) ON DELETE CASCADE,
    is_active CHAR(1),
    created_on TIMESTAMP,
    created_by INTEGER REFERENCES auth_user (id) ON DELETE CASCADE,
    modified_on TIMESTAMP,
    modified_by INTEGER REFERENCES auth_user (id) ON DELETE CASCADE,
    current_record INTEGER REFERENCES t_cursa (id) ON DELETE CASCADE
);
success!
timestamp: 2015-02-25T02:26:54.312000
ALTER TABLE t_proponente ADD f_user INTEGER REFERENCES auth_user (id) ON DELETE CASCADE;
success!
timestamp: 2015-02-25T02:26:54.546000
ALTER TABLE t_proponente_archive ADD f_user INTEGER REFERENCES auth_user (id) ON DELETE CASCADE;
success!
timestamp: 2015-02-25T03:12:44.031000
ALTER TABLE t_estudiante ADD f_user INTEGER REFERENCES auth_user (id) ON DELETE CASCADE;
success!
timestamp: 2015-02-25T03:12:44.359000
ALTER TABLE t_estudiante_archive ADD f_user INTEGER REFERENCES auth_user (id) ON DELETE CASCADE;
success!
success!
success!
success!
success!
